Arguments: 
  C:\Program Files\nodejs\node.exe C:\Program Files (x86)\Yarn\bin\yarn.js install

PATH: 
  C:\Users\a\bin;C:\Program Files\Git\mingw64\bin;C:\Program Files\Git\usr\local\bin;C:\Program Files\Git\usr\bin;C:\Program Files\Git\usr\bin;C:\Program Files\Git\mingw64\bin;C:\Program Files\Git\usr\bin;C:\Users\a\bin;C:\Program Files\Common Files\Oracle\Java\javapath;C:\Python310\Scripts;C:\Python310;C:\Windows\system32;C:\Windows;C:\Windows\System32\Wbem;C:\Windows\System32\WindowsPowerShell\v1.0;C:\Windows\System32\OpenSSH;C:\Program Files\Git\cmd;C:\Users\a\AppData\Roaming\nvm;C:\Program Files\nodejs;C:\TDM-GCC-64\bin;C:\TDM-GCC-64\x86_64-w64-mingw32\bin;C:\ProgramData\chocolatey\bin;D:\xampp\php;C:\WINDOWS\system32;C:\WINDOWS;C:\WINDOWS\System32\Wbem;C:\WINDOWS\System32\WindowsPowerShell\v1.0;C:\WINDOWS\System32\OpenSSH;C:\Program Files\dotnet;C:\Program Files\Microsoft SQL Server\130\Tools\Binn;C:\Program Files\nodejs;C:\Program Files (x86)\Yarn\bin;C:\Users\a\AppData\Local\Programs\Python\Python36-32\Scripts;C:\Users\a\AppData\Local\Programs\Python\Python36-32;C:\Users\a\AppData\Local\Microsoft\WindowsApps;C:\Program Files\heroku\bin;C:\Users\a\AppData\Local\Programs\Microsoft VS Code\bin;C:\Users\a\AppData\Local\Programs\Python\Python310;C:\Users\a\.dotnet\tools;C:\Users\a\AppData\Local\GitHubDesktop\bin;C:\Users\a\AppData\Roaming\npm;C:\Users\a\AppData\Local\Yarn\bin;C:\Program Files\Git\usr\bin\vendor_perl;C:\Program Files\Git\usr\bin\core_perl

Yarn version: 
  1.22.19

Node version: 
  16.17.0

Platform: 
  win32 x64

Trace: 
  Error: getaddrinfo ENOTFOUND registry.yarnpkg.com
      at GetAddrInfoReqWrap.onlookup [as oncomplete] (node:dns:109:26)

npm manifest: 
  {
    "name": "react",
    "version": "1.0.0",
    "description": "React example starter project",
    "keywords": [
      "react",
      "starter"
    ],
    "main": "src/index.js",
    "dependencies": {
      "@material-ui/core": "4.12.4",
      "moralis": "1.7.0",
      "react": "18.0.0",
      "react-dom": "18.0.0",
      "react-icons": "4.3.1",
      "react-moralis": "1.3.5",
      "react-router-dom": "6.3.0",
      "react-scripts": "4.0.0",
      "react-table-scrollbar": "^0.1.11",
      "web3": "^1.7.4"
    },
    "devDependencies": {
      "@babel/runtime": "7.13.8",
      "typescript": "4.1.3"
    },
    "scripts": {
      "start": "react-scripts start",
      "build": "react-scripts build",
      "test": "react-scripts test --env=jsdom",
      "eject": "react-scripts eject"
    },
    "browserslist": [
      ">0.2%",
      "not dead",
      "not ie <= 11",
      "not op_mini all"
    ]
  }

yarn manifest: 
  No manifest

Lockfile: 
  No lockfile
